<?xml version="1.0" encoding="UTF-8"?>
<testsuite xmlns:xsi="http://www.w3.org/2001/XMLSchema-instance" xsi:noNamespaceSchemaLocation="https://maven.apache.org/surefire/maven-surefire-plugin/xsd/surefire-test-report-3.0.xsd" version="3.0" name="com.securithings.assignment.queue.LogsQueueManagerTest" time="0.881" tests="4" errors="0" skipped="0" failures="0">
  <properties>
[...]
</properties>
  <testcase name="testSingletonInstance" classname="com.securithings.assignment.queue.LogsQueueManagerTest" time="0.004"/>
  <testcase name="testMultipleMessages" classname="com.securithings.assignment.queue.LogsQueueManagerTest" time="0.222"/>
  <testcase name="testConcurrentAccess" classname="com.securithings.assignment.queue.LogsQueueManagerTest" time="0.541"/>
  <testcase name="testMessageProcessing" classname="com.securithings.assignment.queue.LogsQueueManagerTest" time="0.102"/>
</testsuite>